# JRE version: OpenJDK Runtime Environment Corretto-19.0.2.7.1 (19.0.2+7) (build 19.0.2+7-FR)
# Java VM: OpenJDK 64-Bit Server VM Corretto-19.0.2.7.1 (19.0.2+7-FR, mixed mode, sharing, tiered, compressed oops, compressed class ptrs, g1 gc, windows-amd64)
GC Precious Log:
 CardTable entry size: 512
 Card Set container configuration: InlinePtr #cards 5 size 8 Array Of Cards #cards 12 size 40 Howl #buckets 4 coarsen threshold 1843 Howl Bitmap #cards 512 size 80 coarsen threshold 460 Card regions per heap region 1 cards per card region 2048
 CPUs: 8 total, 8 available
 Memory: 7834M
 Large Page Support: Disabled
 NUMA Support: Disabled
 Compressed Oops: Enabled (32-bit)
 Heap Region Size: 1M
 Heap Min Capacity: 8M
 Heap Initial Capacity: 124M
 Heap Max Capacity: 1960M
 Pre-touch: Disabled
 Parallel Workers: 8
 Concurrent Workers: 2
 Concurrent Refinement Workers: 8
 Periodic GC: Disabled
Heap:
 garbage-first heap   total 89088K, used 42100K [0x0000000085800000, 0x0000000100000000)
  region size 1024K, 10 young (10240K), 2 survivors (2048K)
 Metaspace       used 56273K, committed 57024K, reserved 1114112K
  class space    used 7067K, committed 7424K, reserved 1048576K
GC Heap History (20 events):
Event: 9.010 GC heap before
{Heap before GC invocations=6 (full 0):
 garbage-first heap   total 66560K, used 43455K [0x0000000085800000, 0x0000000100000000)
  region size 1024K, 27 young (27648K), 1 survivors (1024K)
 Metaspace       used 27623K, committed 28032K, reserved 1114112K
  class space    used 3403K, committed 3584K, reserved 1048576K
}
Event: 9.014 GC heap after
{Heap after GC invocations=7 (full 0):
 garbage-first heap   total 66560K, used 19795K [0x0000000085800000, 0x0000000100000000)
  region size 1024K, 3 young (3072K), 3 survivors (3072K)
 Metaspace       used 27623K, committed 28032K, reserved 1114112K
  class space    used 3403K, committed 3584K, reserved 1048576K
}
Event: 9.563 GC heap before
{Heap before GC invocations=7 (full 0):
 garbage-first heap   total 66560K, used 46419K [0x0000000085800000, 0x0000000100000000)
  region size 1024K, 29 young (29696K), 3 survivors (3072K)
 Metaspace       used 31936K, committed 32448K, reserved 1114112K
  class space    used 3999K, committed 4224K, reserved 1048576K
}
Event: 9.574 GC heap after
{Heap after GC invocations=8 (full 0):
 garbage-first heap   total 66560K, used 22207K [0x0000000085800000, 0x0000000100000000)
  region size 1024K, 3 young (3072K), 3 survivors (3072K)
 Metaspace       used 31936K, committed 32448K, reserved 1114112K
  class space    used 3999K, committed 4224K, reserved 1048576K
}
Event: 10.035 GC heap before
{Heap before GC invocations=8 (full 0):
 garbage-first heap   total 66560K, used 37567K [0x0000000085800000, 0x0000000100000000)
  region size 1024K, 19 young (19456K), 3 survivors (3072K)
 Metaspace       used 35461K, committed 35968K, reserved 1114112K
  class space    used 4482K, committed 4736K, reserved 1048576K
}
Event: 10.045 GC heap after
{Heap after GC invocations=9 (full 0):
 garbage-first heap   total 66560K, used 23758K [0x0000000085800000, 0x0000000100000000)
  region size 1024K, 2 young (2048K), 2 survivors (2048K)
 Metaspace       used 35461K, committed 35968K, reserved 1114112K
  class space    used 4482K, committed 4736K, reserved 1048576K
}
Event: 11.163 GC heap before
{Heap before GC invocations=10 (full 0):
 garbage-first heap   total 66560K, used 47310K [0x0000000085800000, 0x0000000100000000)
  region size 1024K, 26 young (26624K), 2 survivors (2048K)
 Metaspace       used 39395K, committed 39936K, reserved 1114112K
  class space    used 5061K, committed 5312K, reserved 1048576K
}
Event: 11.175 GC heap after
{Heap after GC invocations=11 (full 0):
 garbage-first heap   total 66560K, used 25817K [0x0000000085800000, 0x0000000100000000)
  region size 1024K, 4 young (4096K), 4 survivors (4096K)
 Metaspace       used 39395K, committed 39936K, reserved 1114112K
  class space    used 5061K, committed 5312K, reserved 1048576K
}
Event: 11.201 GC heap before
{Heap before GC invocations=11 (full 0):
 garbage-first heap   total 66560K, used 26841K [0x0000000085800000, 0x0000000100000000)
  region size 1024K, 5 young (5120K), 4 survivors (4096K)
 Metaspace       used 39559K, committed 40128K, reserved 1114112K
  class space    used 5087K, committed 5312K, reserved 1048576K
}
Event: 11.210 GC heap after
{Heap after GC invocations=12 (full 0):
 garbage-first heap   total 89088K, used 25675K [0x0000000085800000, 0x0000000100000000)
  region size 1024K, 1 young (1024K), 1 survivors (1024K)
 Metaspace       used 39559K, committed 40128K, reserved 1114112K
  class space    used 5087K, committed 5312K, reserved 1048576K
}
Event: 12.158 GC heap before
{Heap before GC invocations=12 (full 0):
 garbage-first heap   total 89088K, used 66635K [0x0000000085800000, 0x0000000100000000)
  region size 1024K, 41 young (41984K), 1 survivors (1024K)
 Metaspace       used 47090K, committed 47744K, reserved 1114112K
  class space    used 6087K, committed 6400K, reserved 1048576K
}
Event: 12.166 GC heap after
{Heap after GC invocations=13 (full 0):
 garbage-first heap   total 89088K, used 30578K [0x0000000085800000, 0x0000000100000000)
  region size 1024K, 6 young (6144K), 6 survivors (6144K)
 Metaspace       used 47090K, committed 47744K, reserved 1114112K
  class space    used 6087K, committed 6400K, reserved 1048576K
}
Event: 347.966 GC heap before
{Heap before GC invocations=13 (full 0):
 garbage-first heap   total 89088K, used 66418K [0x0000000085800000, 0x0000000100000000)
  region size 1024K, 41 young (41984K), 6 survivors (6144K)
 Metaspace       used 53922K, committed 54592K, reserved 1114112K
  class space    used 6981K, committed 7296K, reserved 1048576K
}
Event: 348.234 GC heap after
{Heap after GC invocations=14 (full 0):
 garbage-first heap   total 89088K, used 33478K [0x0000000085800000, 0x0000000100000000)
  region size 1024K, 3 young (3072K), 3 survivors (3072K)
 Metaspace       used 53922K, committed 54592K, reserved 1114112K
  class space    used 6981K, committed 7296K, reserved 1048576K
}
Event: 1725.704 GC heap before
{Heap before GC invocations=14 (full 0):
 garbage-first heap   total 89088K, used 68294K [0x0000000085800000, 0x0000000100000000)
  region size 1024K, 37 young (37888K), 3 survivors (3072K)
 Metaspace       used 55382K, committed 56192K, reserved 1114112K
  class space    used 7058K, committed 7424K, reserved 1048576K
}
Event: 1725.973 GC heap after
{Heap after GC invocations=15 (full 0):
 garbage-first heap   total 89088K, used 34781K [0x0000000085800000, 0x0000000100000000)
  region size 1024K, 2 young (2048K), 2 survivors (2048K)
 Metaspace       used 55382K, committed 56192K, reserved 1114112K
  class space    used 7058K, committed 7424K, reserved 1048576K
}
Event: 3278.496 GC heap before
{Heap before GC invocations=15 (full 0):
 garbage-first heap   total 89088K, used 68573K [0x0000000085800000, 0x0000000100000000)
  region size 1024K, 35 young (35840K), 2 survivors (2048K)
 Metaspace       used 55805K, committed 56576K, reserved 1114112K
  class space    used 7064K, committed 7424K, reserved 1048576K
}
Event: 3278.602 GC heap after
{Heap after GC invocations=16 (full 0):
 garbage-first heap   total 89088K, used 34998K [0x0000000085800000, 0x0000000100000000)
  region size 1024K, 2 young (2048K), 2 survivors (2048K)
 Metaspace       used 55805K, committed 56576K, reserved 1114112K
  class space    used 7064K, committed 7424K, reserved 1048576K
}
Event: 4867.317 GC heap before
{Heap before GC invocations=16 (full 0):
 garbage-first heap   total 89088K, used 70838K [0x0000000085800000, 0x0000000100000000)
  region size 1024K, 37 young (37888K), 2 survivors (2048K)
 Metaspace       used 56257K, committed 57024K, reserved 1114112K
  class space    used 7067K, committed 7424K, reserved 1048576K
}
Event: 4867.415 GC heap after
{Heap after GC invocations=17 (full 0):
 garbage-first heap   total 89088K, used 34932K [0x0000000085800000, 0x0000000100000000)
  region size 1024K, 2 young (2048K), 2 survivors (2048K)
 Metaspace       used 56257K, committed 57024K, reserved 1114112K
  class space    used 7067K, committed 7424K, reserved 1048576K
}

